<?xml version="1.0" encoding="UTF-8"?>
<testsuite name="TamagotchiTest" tests="5" skipped="0" failures="0" errors="0" timestamp="2016-01-12T18:26:14" hostname="epicodus-169.local" time="0.001">
  <properties/>
  <testcase name="tamagotchi_instantiatesFoodLevelCorrectly_5" classname="TamagotchiTest" time="0.001"/>
  <testcase name="tamagotchi_instantiatesSleepLevelCorrectly_5" classname="TamagotchiTest" time="0.0"/>
  <testcase name="timePasses_foodDecreasesByOne_9" classname="TamagotchiTest" time="0.0"/>
  <testcase name="tamagotchi_instantiatesCorrectly_lilDragon" classname="TamagotchiTest" time="0.0"/>
  <testcase name="tamagotchi_instantiatesActivityLevelCorrectly_5" classname="TamagotchiTest" time="0.0"/>
  <system-out><![CDATA[]]></system-out>
  <system-err><![CDATA[]]></system-err>
</testsuite>
